0 info it worked if it ends with ok
1 verbose cli [ '/usr/bin/nodejs', '/usr/local/bin/npm', 'install', 'canvas' ]
2 info using npm@3.10.5
3 info using node@v7.10.1
4 silly loadCurrentTree Starting
5 silly install loadCurrentTree
6 silly install readLocalPackageData
7 silly fetchPackageMetaData canvas
8 silly fetchNamedPackageData canvas
9 silly mapToRegistry name canvas
10 silly mapToRegistry using default registry
11 silly mapToRegistry registry https://registry.npmjs.org/
12 silly mapToRegistry data Result {
12 silly mapToRegistry   raw: 'canvas',
12 silly mapToRegistry   scope: null,
12 silly mapToRegistry   escapedName: 'canvas',
12 silly mapToRegistry   name: 'canvas',
12 silly mapToRegistry   rawSpec: '',
12 silly mapToRegistry   spec: 'latest',
12 silly mapToRegistry   type: 'tag' }
13 silly mapToRegistry uri https://registry.npmjs.org/canvas
14 verbose request uri https://registry.npmjs.org/canvas
15 verbose request no auth needed
16 info attempt registry request try #1 at 16:18:51
17 verbose request id 32b6ed30b4511dcf
18 http request GET https://registry.npmjs.org/canvas
19 http 200 https://registry.npmjs.org/canvas
20 verbose headers { date: 'Sun, 30 Sep 2018 07:18:53 GMT',
20 verbose headers   'content-type': 'application/json',
20 verbose headers   'transfer-encoding': 'chunked',
20 verbose headers   connection: 'keep-alive',
20 verbose headers   'set-cookie': [ '__cfduid=d643a9f8922da936930bc8e7dc51c8e681538291933; expires=Mon, 30-Sep-19 07:18:53 GMT; path=/; domain=.registry.npmjs.org; HttpOnly' ],
20 verbose headers   'cf-cache-status': 'HIT',
20 verbose headers   'cache-control': 'max-age=300',
20 verbose headers   'cf-ray': '4624eb06beb6a21b-ICN',
20 verbose headers   etag: 'W/"0996aa3cb55e54338b5b67721dcb8b34"',
20 verbose headers   'expect-ct': 'max-age=604800, report-uri="https://report-uri.cloudflare.com/cdn-cgi/beacon/expect-ct"',
20 verbose headers   'last-modified': 'Sat, 29 Sep 2018 09:56:24 GMT',
20 verbose headers   vary: 'accept-encoding, accept',
20 verbose headers   'x-amz-meta-rev': '361-7eca31e01fd0c9a12040189a04bea6f2',
20 verbose headers   server: 'cloudflare',
20 verbose headers   'content-encoding': 'gzip' }
21 silly get cb [ 200,
21 silly get   { date: 'Sun, 30 Sep 2018 07:18:53 GMT',
21 silly get     'content-type': 'application/json',
21 silly get     'transfer-encoding': 'chunked',
21 silly get     connection: 'keep-alive',
21 silly get     'set-cookie': [ '__cfduid=d643a9f8922da936930bc8e7dc51c8e681538291933; expires=Mon, 30-Sep-19 07:18:53 GMT; path=/; domain=.registry.npmjs.org; HttpOnly' ],
21 silly get     'cf-cache-status': 'HIT',
21 silly get     'cache-control': 'max-age=300',
21 silly get     'cf-ray': '4624eb06beb6a21b-ICN',
21 silly get     etag: 'W/"0996aa3cb55e54338b5b67721dcb8b34"',
21 silly get     'expect-ct': 'max-age=604800, report-uri="https://report-uri.cloudflare.com/cdn-cgi/beacon/expect-ct"',
21 silly get     'last-modified': 'Sat, 29 Sep 2018 09:56:24 GMT',
21 silly get     vary: 'accept-encoding, accept',
21 silly get     'x-amz-meta-rev': '361-7eca31e01fd0c9a12040189a04bea6f2',
21 silly get     server: 'cloudflare',
21 silly get     'content-encoding': 'gzip' } ]
22 verbose get saving canvas to /home/pi/.npm/registry.npmjs.org/canvas/.cache.json
23 verbose correctMkdir /home/pi/.npm correctMkdir not in flight; initializing
24 silly install normalizeTree
25 silly loadCurrentTree Finishing
26 silly loadIdealTree Starting
27 silly install loadIdealTree
28 silly cloneCurrentTree Starting
29 silly install cloneCurrentTreeToIdealTree
30 silly cloneCurrentTree Finishing
31 silly loadShrinkwrap Starting
32 silly install loadShrinkwrap
33 silly loadShrinkwrap Finishing
34 silly loadAllDepsIntoIdealTree Starting
35 silly install loadAllDepsIntoIdealTree
36 silly resolveWithNewModule canvas@1.6.12 checking installable status
37 silly cache add args [ 'canvas', null ]
38 verbose cache add spec canvas
39 silly cache add parsed spec Result {
39 silly cache add   raw: 'canvas',
39 silly cache add   scope: null,
39 silly cache add   escapedName: 'canvas',
39 silly cache add   name: 'canvas',
39 silly cache add   rawSpec: '',
39 silly cache add   spec: 'latest',
39 silly cache add   type: 'tag' }
40 silly addNamed canvas@latest
41 verbose addNamed "latest" is being treated as a dist-tag for canvas
42 info addNameTag [ 'canvas', 'latest' ]
43 silly mapToRegistry name canvas
44 silly mapToRegistry using default registry
45 silly mapToRegistry registry https://registry.npmjs.org/
46 silly mapToRegistry data Result {
46 silly mapToRegistry   raw: 'canvas',
46 silly mapToRegistry   scope: null,
46 silly mapToRegistry   escapedName: 'canvas',
46 silly mapToRegistry   name: 'canvas',
46 silly mapToRegistry   rawSpec: '',
46 silly mapToRegistry   spec: 'latest',
46 silly mapToRegistry   type: 'tag' }
47 silly mapToRegistry uri https://registry.npmjs.org/canvas
48 verbose addNameTag registry:https://registry.npmjs.org/canvas not in flight; fetching
49 verbose get https://registry.npmjs.org/canvas not expired, no request
50 silly addNameTag next cb for canvas with tag latest
51 silly addNamed canvas@1.6.12
52 verbose addNamed "1.6.12" is a plain semver version for canvas
53 silly mapToRegistry name canvas
54 silly mapToRegistry using default registry
55 silly mapToRegistry registry https://registry.npmjs.org/
56 silly mapToRegistry data Result {
56 silly mapToRegistry   raw: 'canvas',
56 silly mapToRegistry   scope: null,
56 silly mapToRegistry   escapedName: 'canvas',
56 silly mapToRegistry   name: 'canvas',
56 silly mapToRegistry   rawSpec: '',
56 silly mapToRegistry   spec: 'latest',
56 silly mapToRegistry   type: 'tag' }
57 silly mapToRegistry uri https://registry.npmjs.org/canvas
58 verbose addRemoteTarball https://registry.npmjs.org/canvas/-/canvas-1.6.12.tgz not in flight; adding
59 verbose addRemoteTarball [ 'https://registry.npmjs.org/canvas/-/canvas-1.6.12.tgz',
59 verbose addRemoteTarball   '9ab02cdb6b543ae6705f566e33f9407625da901e' ]
60 info retry fetch attempt 1 at 16:18:55
61 info attempt registry request try #1 at 16:18:55
62 http fetch GET https://registry.npmjs.org/canvas/-/canvas-1.6.12.tgz
63 http fetch 200 https://registry.npmjs.org/canvas/-/canvas-1.6.12.tgz
64 silly fetchAndShaCheck shasum 9ab02cdb6b543ae6705f566e33f9407625da901e
65 verbose addTmpTarball /tmp/npm-1409-9beb9d27/registry.npmjs.org/canvas/-/canvas-1.6.12.tgz not in flight; adding
66 verbose addTmpTarball already have metadata; skipping unpack for canvas@1.6.12
67 verbose correctMkdir /home/pi/.npm correctMkdir not in flight; initializing
68 silly cache afterAdd canvas@1.6.12
69 verbose afterAdd /home/pi/.npm/canvas/1.6.12/package/package.json not in flight; writing
70 verbose correctMkdir /home/pi/.npm correctMkdir not in flight; initializing
71 verbose afterAdd /home/pi/.npm/canvas/1.6.12/package/package.json written
72 silly loadAllDepsIntoIdealTree Finishing
73 silly loadIdealTree Finishing
74 silly currentTree piCtrl@1.0.0
74 silly currentTree ├── ansi-bgblack@0.1.1
74 silly currentTree ├── ansi-bgblue@0.1.1
74 silly currentTree ├── ansi-bgcyan@0.1.1
74 silly currentTree ├── ansi-bggreen@0.1.1
74 silly currentTree ├── ansi-bgmagenta@0.1.1
74 silly currentTree ├── ansi-bgred@0.1.1
74 silly currentTree ├── ansi-bgwhite@0.1.1
74 silly currentTree ├── ansi-bgyellow@0.1.1
74 silly currentTree ├── ansi-black@0.1.1
74 silly currentTree ├── ansi-blue@0.1.1
74 silly currentTree ├── ansi-bold@0.1.1
74 silly currentTree ├── ansi-colors@0.2.0
74 silly currentTree ├── ansi-cyan@0.1.1
74 silly currentTree ├── ansi-dim@0.1.1
74 silly currentTree ├── ansi-gray@0.1.1
74 silly currentTree ├── ansi-green@0.1.1
74 silly currentTree ├── ansi-grey@0.1.1
74 silly currentTree ├── ansi-hidden@0.1.1
74 silly currentTree ├── ansi-inverse@0.1.1
74 silly currentTree ├── ansi-italic@0.1.1
74 silly currentTree ├── ansi-magenta@0.1.1
74 silly currentTree ├── ansi-red@0.1.1
74 silly currentTree ├── ansi-regex@2.1.1
74 silly currentTree ├── ansi-reset@0.1.1
74 silly currentTree ├── ansi-strikethrough@0.1.1
74 silly currentTree ├── ansi-underline@0.1.1
74 silly currentTree ├── ansi-white@0.1.1
74 silly currentTree ├── ansi-wrap@0.1.0
74 silly currentTree ├── ansi-yellow@0.1.1
74 silly currentTree ├── aproba@1.2.0
74 silly currentTree ├── are-we-there-yet@1.1.4
74 silly currentTree ├── arr-flatten@1.1.0
74 silly currentTree ├── arr-swap@1.0.1
74 silly currentTree ├── asap@2.0.6
74 silly currentTree ├── assign-symbols@1.0.0
74 silly currentTree ├── async@1.5.2
74 silly currentTree ├── bindings@1.3.0
74 silly currentTree ├── bl@1.2.2
74 silly currentTree ├── bluebird@2.10.2
74 silly currentTree ├── bson@0.4.21
74 silly currentTree ├── canvas-gauges@2.1.4
74 silly currentTree ├── choices-separator@2.0.0
74 silly currentTree ├── chownr@1.0.1
74 silly currentTree ├─┬ clone-deep@1.0.0
74 silly currentTree │ └── kind-of@5.1.0
74 silly currentTree ├── code-point-at@1.1.0
74 silly currentTree ├── collection-visit@1.0.0
74 silly currentTree ├── commander@2.15.1
74 silly currentTree ├── component-emitter@1.2.1
74 silly currentTree ├── console-control-strings@1.1.0
74 silly currentTree ├── copy-descriptor@0.1.1
74 silly currentTree ├── core-util-is@1.0.2
74 silly currentTree ├── debug@2.6.9
74 silly currentTree ├── decompress-response@3.3.0
74 silly currentTree ├── deep-extend@0.4.2
74 silly currentTree ├── define-property@1.0.0
74 silly currentTree ├── delegates@1.0.0
74 silly currentTree ├── detect-libc@1.0.3
74 silly currentTree ├── end-of-stream@1.4.1
74 silly currentTree ├── error-symbol@0.1.0
74 silly currentTree ├── es6-promise@3.0.2
74 silly currentTree ├── expand-template@1.1.0
74 silly currentTree ├── extend-shallow@2.0.1
74 silly currentTree ├── for-in@1.0.2
74 silly currentTree ├── for-own@1.0.0
74 silly currentTree ├── gauge@2.7.4
74 silly currentTree ├── github-from-package@0.0.0
74 silly currentTree ├── has-unicode@2.0.1
74 silly currentTree ├── hooks-fixed@1.1.0
74 silly currentTree ├── i2c-bus@3.1.0
74 silly currentTree ├── info-symbol@0.1.0
74 silly currentTree ├── inherits@2.0.1
74 silly currentTree ├── ini@1.3.5
74 silly currentTree ├─┬ is-accessor-descriptor@1.0.0
74 silly currentTree │ └── kind-of@6.0.2
74 silly currentTree ├── is-buffer@1.1.6
74 silly currentTree ├─┬ is-data-descriptor@1.0.0
74 silly currentTree │ └── kind-of@6.0.2
74 silly currentTree ├─┬ is-descriptor@1.0.2
74 silly currentTree │ └── kind-of@6.0.2
74 silly currentTree ├── is-extendable@0.1.1
74 silly currentTree ├── is-fullwidth-code-point@1.0.0
74 silly currentTree ├── is-number@3.0.0
74 silly currentTree ├── is-plain-object@2.0.4
74 silly currentTree ├── is-windows@1.0.2
74 silly currentTree ├── isarray@1.0.0
74 silly currentTree ├── isobject@3.0.1
74 silly currentTree ├── kareem@1.0.1
74 silly currentTree ├── kind-of@3.2.2
74 silly currentTree ├── koalas@1.0.2
74 silly currentTree ├── lazy-cache@2.0.2
74 silly currentTree ├── log-ok@0.1.1
74 silly currentTree ├── log-utils@0.2.1
74 silly currentTree ├── map-visit@1.0.0
74 silly currentTree ├── mime@2.2.2
74 silly currentTree ├── mimic-response@1.0.0
74 silly currentTree ├── minimist@1.2.0
74 silly currentTree ├─┬ mixin-object@2.0.1
74 silly currentTree │ └── for-in@0.1.8
74 silly currentTree ├─┬ mkdirp@0.5.1
74 silly currentTree │ └── minimist@0.0.8
74 silly currentTree ├── mongodb-core@1.3.9
74 silly currentTree ├─┬ mongodb@2.1.10
74 silly currentTree │ ├── isarray@0.0.1
74 silly currentTree │ ├── readable-stream@1.0.31
74 silly currentTree │ └── string_decoder@0.10.31
74 silly currentTree ├─┬ mongoose@4.4.9
74 silly currentTree │ └── ms@0.7.1
74 silly currentTree ├── mpath@0.2.1
74 silly currentTree ├── mpromise@0.5.5
74 silly currentTree ├─┬ mquery@1.10.0
74 silly currentTree │ ├── debug@2.2.0
74 silly currentTree │ ├── ms@0.7.1
74 silly currentTree │ └── sliced@0.0.5
74 silly currentTree ├── ms@2.0.0
74 silly currentTree ├── muri@1.1.0
74 silly currentTree ├── mute-stream@0.0.7
74 silly currentTree ├── nan@2.10.0
74 silly currentTree ├── node-abi@2.3.0
74 silly currentTree ├── noop-logger@0.1.1
74 silly currentTree ├── npmlog@4.1.2
74 silly currentTree ├── number-is-nan@1.0.1
74 silly currentTree ├── object-assign@4.1.1
74 silly currentTree ├─┬ object-copy@0.1.0
74 silly currentTree │ ├── define-property@0.2.5
74 silly currentTree │ ├── is-accessor-descriptor@0.1.6
74 silly currentTree │ ├── is-data-descriptor@0.1.4
74 silly currentTree │ └─┬ is-descriptor@0.1.6
74 silly currentTree │   └── kind-of@5.1.0
74 silly currentTree ├── object-visit@1.0.1
74 silly currentTree ├── once@1.4.0
74 silly currentTree ├── os-homedir@1.0.2
74 silly currentTree ├── path@0.12.7
74 silly currentTree ├── pointer-symbol@1.0.0
74 silly currentTree ├── prebuild-install@2.5.3
74 silly currentTree ├── process-nextick-args@2.0.0
74 silly currentTree ├── process@0.11.10
74 silly currentTree ├── promirepl@1.0.1
74 silly currentTree ├── promise@8.0.1
74 silly currentTree ├── prompt-actions@3.0.2
74 silly currentTree ├─┬ prompt-base@4.1.0
74 silly currentTree │ └── debug@3.1.0
74 silly currentTree ├── prompt-checkbox@2.2.0
74 silly currentTree ├─┬ prompt-choices@4.0.6
74 silly currentTree │ ├── debug@3.1.0
74 silly currentTree │ └── kind-of@5.1.0
74 silly currentTree ├─┬ prompt-list@3.1.2
74 silly currentTree │ └── debug@3.1.0
74 silly currentTree ├─┬ prompt-question@5.0.2
74 silly currentTree │ ├── debug@3.1.0
74 silly currentTree │ └── kind-of@5.1.0
74 silly currentTree ├── prompt-radio@1.2.1
74 silly currentTree ├── pump@2.0.1
74 silly currentTree ├── radio-symbol@2.0.0
74 silly currentTree ├── rc@1.2.6
74 silly currentTree ├─┬ readable-stream@2.3.6
74 silly currentTree │ └── inherits@2.0.3
74 silly currentTree ├─┬ readline-ui@2.2.3
74 silly currentTree │ ├── ansi-regex@3.0.0
74 silly currentTree │ ├── is-fullwidth-code-point@2.0.0
74 silly currentTree │ ├── string-width@2.1.1
74 silly currentTree │ └── strip-ansi@4.0.0
74 silly currentTree ├── readline-utils@2.2.3
74 silly currentTree ├── regexp-clone@0.0.1
74 silly currentTree ├── require_optional@1.0.1
74 silly currentTree ├── resolve-from@2.0.0
74 silly currentTree ├── rpio@0.9.21
74 silly currentTree ├── safe-buffer@5.1.1
74 silly currentTree ├── semver@5.5.0
74 silly currentTree ├─┬ serialport@6.1.1
74 silly currentTree │ └── debug@3.1.0
74 silly currentTree ├── set-blocking@2.0.0
74 silly currentTree ├── set-getter@0.1.0
74 silly currentTree ├── set-value@2.0.0
74 silly currentTree ├─┬ shallow-clone@1.0.0
74 silly currentTree │ └── kind-of@5.1.0
74 silly currentTree ├── signal-exit@3.0.2
74 silly currentTree ├── simple-concat@1.0.0
74 silly currentTree ├── simple-get@2.7.0
74 silly currentTree ├── sliced@1.0.1
74 silly currentTree ├─┬ split-string@3.1.0
74 silly currentTree │ ├── extend-shallow@3.0.2
74 silly currentTree │ └── is-extendable@1.0.1
74 silly currentTree ├─┬ static-extend@0.1.2
74 silly currentTree │ ├── define-property@0.2.5
74 silly currentTree │ ├─┬ is-accessor-descriptor@0.1.6
74 silly currentTree │ │ └── kind-of@3.2.2
74 silly currentTree │ ├─┬ is-data-descriptor@0.1.4
74 silly currentTree │ │ └── kind-of@3.2.2
74 silly currentTree │ ├── is-descriptor@0.1.6
74 silly currentTree │ └── kind-of@5.1.0
74 silly currentTree ├── string_decoder@1.1.1
74 silly currentTree ├── string-width@1.0.2
74 silly currentTree ├── strip-ansi@3.0.1
74 silly currentTree ├── strip-color@0.1.0
74 silly currentTree ├── strip-json-comments@2.0.1
74 silly currentTree ├── success-symbol@0.1.0
74 silly currentTree ├─┬ tar-fs@1.16.0
74 silly currentTree │ └── pump@1.0.3
74 silly currentTree ├── tar-stream@1.5.5
74 silly currentTree ├── terminal-paginator@2.0.2
74 silly currentTree ├── time-stamp@1.1.0
74 silly currentTree ├── to-object-path@0.3.0
74 silly currentTree ├── toggle-array@1.0.1
74 silly currentTree ├── tunnel-agent@0.6.0
74 silly currentTree ├── util-deprecate@1.0.2
74 silly currentTree ├── util@0.10.3
74 silly currentTree ├── warning-symbol@0.1.0
74 silly currentTree ├── which-pm-runs@1.0.0
74 silly currentTree ├── wide-align@1.1.2
74 silly currentTree ├── window-size@1.1.0
74 silly currentTree ├── wrappy@1.0.2
74 silly currentTree └── xtend@4.0.1
75 silly idealTree piCtrl@1.0.0
75 silly idealTree ├── ansi-bgblack@0.1.1
75 silly idealTree ├── ansi-bgblue@0.1.1
75 silly idealTree ├── ansi-bgcyan@0.1.1
75 silly idealTree ├── ansi-bggreen@0.1.1
75 silly idealTree ├── ansi-bgmagenta@0.1.1
75 silly idealTree ├── ansi-bgred@0.1.1
75 silly idealTree ├── ansi-bgwhite@0.1.1
75 silly idealTree ├── ansi-bgyellow@0.1.1
75 silly idealTree ├── ansi-black@0.1.1
75 silly idealTree ├── ansi-blue@0.1.1
75 silly idealTree ├── ansi-bold@0.1.1
75 silly idealTree ├── ansi-colors@0.2.0
75 silly idealTree ├── ansi-cyan@0.1.1
75 silly idealTree ├── ansi-dim@0.1.1
75 silly idealTree ├── ansi-gray@0.1.1
75 silly idealTree ├── ansi-green@0.1.1
75 silly idealTree ├── ansi-grey@0.1.1
75 silly idealTree ├── ansi-hidden@0.1.1
75 silly idealTree ├── ansi-inverse@0.1.1
75 silly idealTree ├── ansi-italic@0.1.1
75 silly idealTree ├── ansi-magenta@0.1.1
75 silly idealTree ├── ansi-red@0.1.1
75 silly idealTree ├── ansi-regex@2.1.1
75 silly idealTree ├── ansi-reset@0.1.1
75 silly idealTree ├── ansi-strikethrough@0.1.1
75 silly idealTree ├── ansi-underline@0.1.1
75 silly idealTree ├── ansi-white@0.1.1
75 silly idealTree ├── ansi-wrap@0.1.0
75 silly idealTree ├── ansi-yellow@0.1.1
75 silly idealTree ├── aproba@1.2.0
75 silly idealTree ├── are-we-there-yet@1.1.4
75 silly idealTree ├── arr-flatten@1.1.0
75 silly idealTree ├── arr-swap@1.0.1
75 silly idealTree ├── asap@2.0.6
75 silly idealTree ├── assign-symbols@1.0.0
75 silly idealTree ├── async@1.5.2
75 silly idealTree ├── bindings@1.3.0
75 silly idealTree ├── bl@1.2.2
75 silly idealTree ├── bluebird@2.10.2
75 silly idealTree ├── bson@0.4.21
75 silly idealTree ├── canvas-gauges@2.1.4
75 silly idealTree ├── canvas@1.6.12
75 silly idealTree ├── choices-separator@2.0.0
75 silly idealTree ├── chownr@1.0.1
75 silly idealTree ├─┬ clone-deep@1.0.0
75 silly idealTree │ └── kind-of@5.1.0
75 silly idealTree ├── code-point-at@1.1.0
75 silly idealTree ├── collection-visit@1.0.0
75 silly idealTree ├── commander@2.15.1
75 silly idealTree ├── component-emitter@1.2.1
75 silly idealTree ├── console-control-strings@1.1.0
75 silly idealTree ├── copy-descriptor@0.1.1
75 silly idealTree ├── core-util-is@1.0.2
75 silly idealTree ├── debug@2.6.9
75 silly idealTree ├── decompress-response@3.3.0
75 silly idealTree ├── deep-extend@0.4.2
75 silly idealTree ├── define-property@1.0.0
75 silly idealTree ├── delegates@1.0.0
75 silly idealTree ├── detect-libc@1.0.3
75 silly idealTree ├── end-of-stream@1.4.1
75 silly idealTree ├── error-symbol@0.1.0
75 silly idealTree ├── es6-promise@3.0.2
75 silly idealTree ├── expand-template@1.1.0
75 silly idealTree ├── extend-shallow@2.0.1
75 silly idealTree ├── for-in@1.0.2
75 silly idealTree ├── for-own@1.0.0
75 silly idealTree ├── gauge@2.7.4
75 silly idealTree ├── github-from-package@0.0.0
75 silly idealTree ├── has-unicode@2.0.1
75 silly idealTree ├── hooks-fixed@1.1.0
75 silly idealTree ├── i2c-bus@3.1.0
75 silly idealTree ├── info-symbol@0.1.0
75 silly idealTree ├── inherits@2.0.1
75 silly idealTree ├── ini@1.3.5
75 silly idealTree ├─┬ is-accessor-descriptor@1.0.0
75 silly idealTree │ └── kind-of@6.0.2
75 silly idealTree ├── is-buffer@1.1.6
75 silly idealTree ├─┬ is-data-descriptor@1.0.0
75 silly idealTree │ └── kind-of@6.0.2
75 silly idealTree ├─┬ is-descriptor@1.0.2
75 silly idealTree │ └── kind-of@6.0.2
75 silly idealTree ├── is-extendable@0.1.1
75 silly idealTree ├── is-fullwidth-code-point@1.0.0
75 silly idealTree ├── is-number@3.0.0
75 silly idealTree ├── is-plain-object@2.0.4
75 silly idealTree ├── is-windows@1.0.2
75 silly idealTree ├── isarray@1.0.0
75 silly idealTree ├── isobject@3.0.1
75 silly idealTree ├── kareem@1.0.1
75 silly idealTree ├── kind-of@3.2.2
75 silly idealTree ├── koalas@1.0.2
75 silly idealTree ├── lazy-cache@2.0.2
75 silly idealTree ├── log-ok@0.1.1
75 silly idealTree ├── log-utils@0.2.1
75 silly idealTree ├── map-visit@1.0.0
75 silly idealTree ├── mime@2.2.2
75 silly idealTree ├── mimic-response@1.0.0
75 silly idealTree ├── minimist@1.2.0
75 silly idealTree ├─┬ mixin-object@2.0.1
75 silly idealTree │ └── for-in@0.1.8
75 silly idealTree ├─┬ mkdirp@0.5.1
75 silly idealTree │ └── minimist@0.0.8
75 silly idealTree ├── mongodb-core@1.3.9
75 silly idealTree ├─┬ mongodb@2.1.10
75 silly idealTree │ ├── isarray@0.0.1
75 silly idealTree │ ├── readable-stream@1.0.31
75 silly idealTree │ └── string_decoder@0.10.31
75 silly idealTree ├─┬ mongoose@4.4.9
75 silly idealTree │ └── ms@0.7.1
75 silly idealTree ├── mpath@0.2.1
75 silly idealTree ├── mpromise@0.5.5
75 silly idealTree ├─┬ mquery@1.10.0
75 silly idealTree │ ├── debug@2.2.0
75 silly idealTree │ ├── ms@0.7.1
75 silly idealTree │ └── sliced@0.0.5
75 silly idealTree ├── ms@2.0.0
75 silly idealTree ├── muri@1.1.0
75 silly idealTree ├── mute-stream@0.0.7
75 silly idealTree ├── nan@2.10.0
75 silly idealTree ├── node-abi@2.3.0
75 silly idealTree ├── noop-logger@0.1.1
75 silly idealTree ├── npmlog@4.1.2
75 silly idealTree ├── number-is-nan@1.0.1
75 silly idealTree ├── object-assign@4.1.1
75 silly idealTree ├─┬ object-copy@0.1.0
75 silly idealTree │ ├── define-property@0.2.5
75 silly idealTree │ ├── is-accessor-descriptor@0.1.6
75 silly idealTree │ ├── is-data-descriptor@0.1.4
75 silly idealTree │ └─┬ is-descriptor@0.1.6
75 silly idealTree │   └── kind-of@5.1.0
75 silly idealTree ├── object-visit@1.0.1
75 silly idealTree ├── once@1.4.0
75 silly idealTree ├── os-homedir@1.0.2
75 silly idealTree ├── path@0.12.7
75 silly idealTree ├── pointer-symbol@1.0.0
75 silly idealTree ├── prebuild-install@2.5.3
75 silly idealTree ├── process-nextick-args@2.0.0
75 silly idealTree ├── process@0.11.10
75 silly idealTree ├── promirepl@1.0.1
75 silly idealTree ├── promise@8.0.1
75 silly idealTree ├── prompt-actions@3.0.2
75 silly idealTree ├─┬ prompt-base@4.1.0
75 silly idealTree │ └── debug@3.1.0
75 silly idealTree ├── prompt-checkbox@2.2.0
75 silly idealTree ├─┬ prompt-choices@4.0.6
75 silly idealTree │ ├── debug@3.1.0
75 silly idealTree │ └── kind-of@5.1.0
75 silly idealTree ├─┬ prompt-list@3.1.2
75 silly idealTree │ └── debug@3.1.0
75 silly idealTree ├─┬ prompt-question@5.0.2
75 silly idealTree │ ├── debug@3.1.0
75 silly idealTree │ └── kind-of@5.1.0
75 silly idealTree ├── prompt-radio@1.2.1
75 silly idealTree ├── pump@2.0.1
75 silly idealTree ├── radio-symbol@2.0.0
75 silly idealTree ├── rc@1.2.6
75 silly idealTree ├─┬ readable-stream@2.3.6
75 silly idealTree │ └── inherits@2.0.3
75 silly idealTree ├─┬ readline-ui@2.2.3
75 silly idealTree │ ├── ansi-regex@3.0.0
75 silly idealTree │ ├── is-fullwidth-code-point@2.0.0
75 silly idealTree │ ├── string-width@2.1.1
75 silly idealTree │ └── strip-ansi@4.0.0
75 silly idealTree ├── readline-utils@2.2.3
75 silly idealTree ├── regexp-clone@0.0.1
75 silly idealTree ├── require_optional@1.0.1
75 silly idealTree ├── resolve-from@2.0.0
75 silly idealTree ├── rpio@0.9.21
75 silly idealTree ├── safe-buffer@5.1.1
75 silly idealTree ├── semver@5.5.0
75 silly idealTree ├─┬ serialport@6.1.1
75 silly idealTree │ └── debug@3.1.0
75 silly idealTree ├── set-blocking@2.0.0
75 silly idealTree ├── set-getter@0.1.0
75 silly idealTree ├── set-value@2.0.0
75 silly idealTree ├─┬ shallow-clone@1.0.0
75 silly idealTree │ └── kind-of@5.1.0
75 silly idealTree ├── signal-exit@3.0.2
75 silly idealTree ├── simple-concat@1.0.0
75 silly idealTree ├── simple-get@2.7.0
75 silly idealTree ├── sliced@1.0.1
75 silly idealTree ├─┬ split-string@3.1.0
75 silly idealTree │ ├── extend-shallow@3.0.2
75 silly idealTree │ └── is-extendable@1.0.1
75 silly idealTree ├─┬ static-extend@0.1.2
75 silly idealTree │ ├── define-property@0.2.5
75 silly idealTree │ ├─┬ is-accessor-descriptor@0.1.6
75 silly idealTree │ │ └── kind-of@3.2.2
75 silly idealTree │ ├─┬ is-data-descriptor@0.1.4
75 silly idealTree │ │ └── kind-of@3.2.2
75 silly idealTree │ ├── is-descriptor@0.1.6
75 silly idealTree │ └── kind-of@5.1.0
75 silly idealTree ├── string_decoder@1.1.1
75 silly idealTree ├── string-width@1.0.2
75 silly idealTree ├── strip-ansi@3.0.1
75 silly idealTree ├── strip-color@0.1.0
75 silly idealTree ├── strip-json-comments@2.0.1
75 silly idealTree ├── success-symbol@0.1.0
75 silly idealTree ├─┬ tar-fs@1.16.0
75 silly idealTree │ └── pump@1.0.3
75 silly idealTree ├── tar-stream@1.5.5
75 silly idealTree ├── terminal-paginator@2.0.2
75 silly idealTree ├── time-stamp@1.1.0
75 silly idealTree ├── to-object-path@0.3.0
75 silly idealTree ├── toggle-array@1.0.1
75 silly idealTree ├── tunnel-agent@0.6.0
75 silly idealTree ├── util-deprecate@1.0.2
75 silly idealTree ├── util@0.10.3
75 silly idealTree ├── warning-symbol@0.1.0
75 silly idealTree ├── which-pm-runs@1.0.0
75 silly idealTree ├── wide-align@1.1.2
75 silly idealTree ├── window-size@1.1.0
75 silly idealTree ├── wrappy@1.0.2
75 silly idealTree └── xtend@4.0.1
76 silly generateActionsToTake Starting
77 silly install generateActionsToTake
78 silly generateActionsToTake Finishing
79 silly diffTrees action count 1
80 silly diffTrees add canvas@1.6.12
81 silly decomposeActions action count 8
82 silly decomposeActions fetch canvas@1.6.12
83 silly decomposeActions extract canvas@1.6.12
84 silly decomposeActions test canvas@1.6.12
85 silly decomposeActions preinstall canvas@1.6.12
86 silly decomposeActions build canvas@1.6.12
87 silly decomposeActions install canvas@1.6.12
88 silly decomposeActions postinstall canvas@1.6.12
89 silly decomposeActions finalize canvas@1.6.12
90 silly executeActions Starting
91 silly install executeActions
92 silly doSerial global-install 0
93 silly doParallel fetch 1
94 verbose correctMkdir /home/pi/.npm/_locks correctMkdir not in flight; initializing
95 verbose lock using /home/pi/.npm/_locks/staging-0ac1f345933b6e76.lock for /home/pi/nwCtrl/node_modules/.staging
96 silly doParallel extract 1
97 silly extract canvas@1.6.12
98 verbose unbuild node_modules/.staging/canvas-02f75a00
99 silly gentlyRm /home/pi/nwCtrl/node_modules/.staging/canvas-02f75a00 is being purged from base /home/pi/nwCtrl
100 verbose gentlyRm don't care about contents; nuking /home/pi/nwCtrl/node_modules/.staging/canvas-02f75a00
101 verbose tar unpack /home/pi/.npm/canvas/1.6.12/package.tgz
102 verbose tar unpacking to /home/pi/nwCtrl/node_modules/.staging/canvas-02f75a00
103 silly gentlyRm /home/pi/nwCtrl/node_modules/.staging/canvas-02f75a00 is being purged
104 verbose gentlyRm don't care about contents; nuking /home/pi/nwCtrl/node_modules/.staging/canvas-02f75a00
105 silly gunzTarPerm modes [ '755', '644' ]
106 silly gunzTarPerm extractEntry package.json
107 silly gunzTarPerm extractEntry .travis.yml
108 silly gunzTarPerm extractEntry binding.gyp
109 silly gunzTarPerm extractEntry History.md
110 silly gunzTarPerm extractEntry index.js
111 silly gunzTarPerm extractEntry Readme.md
112 silly gunzTarPerm extractEntry .github/ISSUE_TEMPLATE.md
113 silly gunzTarPerm extractEntry .vscode/c_cpp_properties.json
114 silly gunzTarPerm extractEntry .vscode/settings.json
115 silly gunzTarPerm extractEntry lib/bindings.js
116 silly gunzTarPerm extractEntry lib/canvas.js
117 silly gunzTarPerm extractEntry lib/context2d.js
118 silly gunzTarPerm extractEntry lib/image.js
119 silly gunzTarPerm extractEntry lib/jpegstream.js
120 silly gunzTarPerm extractEntry lib/parse-font.js
121 silly gunzTarPerm extractEntry lib/pdfstream.js
122 silly gunzTarPerm extractEntry lib/pngstream.js
123 silly gunzTarPerm extractEntry src/Canvas.cc
124 silly gunzTarPerm extractEntry src/Canvas.h
125 silly gunzTarPerm extractEntry src/CanvasGradient.cc
126 silly gunzTarPerm extractEntry src/CanvasGradient.h
127 silly gunzTarPerm extractEntry src/CanvasPattern.cc
128 silly gunzTarPerm extractEntry src/CanvasPattern.h
129 silly gunzTarPerm extractEntry src/CanvasRenderingContext2d.cc
130 silly gunzTarPerm extractEntry src/CanvasRenderingContext2d.h
131 silly gunzTarPerm extractEntry src/closure.h
132 silly gunzTarPerm extractEntry src/color.cc
133 silly gunzTarPerm extractEntry src/color.h
134 silly gunzTarPerm extractEntry src/FontFace.cc
135 silly gunzTarPerm extractEntry src/FontFace.h
136 silly gunzTarPerm extractEntry src/Image.cc
137 silly gunzTarPerm extractEntry src/Image.h
138 silly gunzTarPerm extractEntry src/ImageData.cc
139 silly gunzTarPerm extractEntry src/ImageData.h
140 silly gunzTarPerm extractEntry src/init.cc
141 silly gunzTarPerm extractEntry src/JPEGStream.h
142 silly gunzTarPerm extractEntry src/PNG.h
143 silly gunzTarPerm extractEntry src/Point.h
144 silly gunzTarPerm extractEntry util/has_lib.sh
145 silly gentlyRm /home/pi/nwCtrl/node_modules/.staging/canvas-02f75a00/node_modules is being purged
146 verbose gentlyRm don't care about contents; nuking /home/pi/nwCtrl/node_modules/.staging/canvas-02f75a00/node_modules
147 silly doParallel preinstall 1
148 silly preinstall canvas@1.6.12 /home/pi/nwCtrl/node_modules/.staging/canvas-02f75a00
149 info lifecycle canvas@1.6.12~preinstall: canvas@1.6.12
150 silly lifecycle canvas@1.6.12~preinstall: no script for preinstall, continuing
151 silly doReverseSerial remove 0
152 silly doSerial move 0
153 silly doSerial finalize 1
154 silly finalize /home/pi/nwCtrl/node_modules/canvas
155 silly doSerial build 1
156 silly build canvas@1.6.12
157 info linkStuff canvas@1.6.12
158 silly linkStuff canvas@1.6.12 has /home/pi/nwCtrl/node_modules as its parent node_modules
159 verbose linkBins canvas@1.6.12
160 verbose linkMans canvas@1.6.12
161 silly doSerial global-link 0
162 silly doParallel update-linked 0
163 silly doSerial install 1
164 silly install canvas@1.6.12 /home/pi/nwCtrl/node_modules/.staging/canvas-02f75a00
165 info lifecycle canvas@1.6.12~install: canvas@1.6.12
166 verbose lifecycle canvas@1.6.12~install: unsafe-perm in lifecycle true
167 verbose lifecycle canvas@1.6.12~install: PATH: /usr/local/lib/node_modules/npm/bin/node-gyp-bin:/home/pi/nwCtrl/node_modules/canvas/node_modules/.bin:/home/pi/nwCtrl/node_modules/.bin:/usr/bin:/usr/local/sbin:/usr/local/bin:/usr/sbin:/usr/bin:/sbin:/bin:/usr/local/games:/usr/games
168 verbose lifecycle canvas@1.6.12~install: CWD: /home/pi/nwCtrl/node_modules/canvas
169 silly lifecycle canvas@1.6.12~install: Args: [ '-c', 'node-gyp rebuild' ]
170 silly lifecycle canvas@1.6.12~install: Returned: code: 1  signal: null
171 info lifecycle canvas@1.6.12~install: Failed to exec install script
172 verbose unlock done using /home/pi/.npm/_locks/staging-0ac1f345933b6e76.lock for /home/pi/nwCtrl/node_modules/.staging
173 silly rollbackFailedOptional Starting
174 silly rollbackFailedOptional Finishing
175 silly runTopLevelLifecycles Starting
176 silly runTopLevelLifecycles Finishing
177 silly install printInstalled
178 verbose stack Error: canvas@1.6.12 install: `node-gyp rebuild`
178 verbose stack Exit status 1
178 verbose stack     at EventEmitter.<anonymous> (/usr/local/lib/node_modules/npm/lib/utils/lifecycle.js:242:16)
178 verbose stack     at emitTwo (events.js:106:13)
178 verbose stack     at EventEmitter.emit (events.js:194:7)
178 verbose stack     at ChildProcess.<anonymous> (/usr/local/lib/node_modules/npm/lib/utils/spawn.js:40:14)
178 verbose stack     at emitTwo (events.js:106:13)
178 verbose stack     at ChildProcess.emit (events.js:194:7)
178 verbose stack     at maybeClose (internal/child_process.js:899:16)
178 verbose stack     at Process.ChildProcess._handle.onexit (internal/child_process.js:226:5)
179 verbose pkgid canvas@1.6.12
180 verbose cwd /home/pi/nwCtrl
181 error Linux 4.9.35-v7+
182 error argv "/usr/bin/nodejs" "/usr/local/bin/npm" "install" "canvas"
183 error node v7.10.1
184 error npm  v3.10.5
185 error code ELIFECYCLE
186 error canvas@1.6.12 install: `node-gyp rebuild`
186 error Exit status 1
187 error Failed at the canvas@1.6.12 install script 'node-gyp rebuild'.
187 error Make sure you have the latest version of node.js and npm installed.
187 error If you do, this is most likely a problem with the canvas package,
187 error not with npm itself.
187 error Tell the author that this fails on your system:
187 error     node-gyp rebuild
187 error You can get information on how to open an issue for this project with:
187 error     npm bugs canvas
187 error Or if that isn't available, you can get their info via:
187 error     npm owner ls canvas
187 error There is likely additional logging output above.
188 verbose exit [ 1, true ]
